<?xml version="1.0" encoding="UTF-8"?>
<robot generator="Robot 7.3.2 (Python 3.13.3 on win32)" generated="2025-10-06T14:55:57.284406" rpa="false" schemaversion="5">
<suite id="s1" name="07 Test Selenium Lib" source="C:\Users\Pawel.Karczewski\Documents\RobotFramework\TestingGround2025\Tests\07_Test_Selenium_Lib.robot">
<test id="s1-t1" name="TC1: Navigate To Text Box Section And Fill The Form Via Resource" line="9">
<kw name="Read Users From JSON File" owner="Load_Users">
<kw name="Get File" owner="OperatingSystem">
<msg time="2025-10-06T14:55:57.483749" level="INFO" html="true">Getting file '&lt;a href="file://C:\Users\Pawel.Karczewski\Documents\RobotFramework\TestingGround2025\Data\users.json"&gt;C:\Users\Pawel.Karczewski\Documents\RobotFramework\TestingGround2025\Data\users.json&lt;/a&gt;'.</msg>
<msg time="2025-10-06T14:55:57.483986" level="INFO">${content} = {
  "users": [
    {
      "Full Name": "John Smith",
      "Email": "john.smith@example.com",
      "Current Address": "123 Main Street, Apartment 4B, New York, NY 10001, USA",
      "Permanent Addre...</msg>
<var>${content}</var>
<arg>${PATH}</arg>
<doc>Returns the contents of a specified file.</doc>
<status status="PASS" start="2025-10-06T14:55:57.483632" elapsed="0.000380"/>
</kw>
<kw name="Evaluate" owner="BuiltIn">
<msg time="2025-10-06T14:55:57.484344" level="INFO">${users} = {'users': [{'Full Name': 'John Smith', 'Email': 'john.smith@example.com', 'Current Address': '123 Main Street, Apartment 4B, New York, NY 10001, USA', 'Permanent Address': '456 Oak Avenue, Springfield...</msg>
<var>${users}</var>
<arg>json.loads('''${content}''')</arg>
<arg>json</arg>
<doc>Evaluates the given expression in Python and returns the result.</doc>
<status status="PASS" start="2025-10-06T14:55:57.484116" elapsed="0.000247"/>
</kw>
<return>
<value>${users}</value>
<status status="PASS" start="2025-10-06T14:55:57.484406" elapsed="0.000040"/>
</return>
<msg time="2025-10-06T14:55:57.484532" level="INFO">${users} = {'users': [{'Full Name': 'John Smith', 'Email': 'john.smith@example.com', 'Current Address': '123 Main Street, Apartment 4B, New York, NY 10001, USA', 'Permanent Address': '456 Oak Avenue, Springfield...</msg>
<var>${users}</var>
<doc>Reads user data from JSON file and returns parsed data</doc>
<status status="PASS" start="2025-10-06T14:55:57.483160" elapsed="0.001388"/>
</kw>
<kw name="Evaluate" owner="BuiltIn">
<msg time="2025-10-06T14:55:57.485394" level="INFO">@{flat_list} = [ Full Name | John Smith | Email | john.smith@example.com | Current Address | 123 Main Street, Apartment 4B, New York, NY 10001, USA | Permanent Address | 456 Oak Avenue, Springfield, IL 62701, USA ]</msg>
<var>@{flat_list}</var>
<arg>[item for pair in ${users["users"][0]}.items() for item in pair]</arg>
<doc>Evaluates the given expression in Python and returns the result.</doc>
<status status="PASS" start="2025-10-06T14:55:57.484956" elapsed="0.000458"/>
</kw>
<kw name="Open Browser To DemoQA" owner="DemoQALib">
<kw name="Open Browser" owner="demoqa">
<msg time="2025-10-06T14:55:57.486069" level="INFO">Creating an instance of the Chrome WebDriver.</msg>
<doc>Open Browser to the Demo QA</doc>
<status status="PASS" start="2025-10-06T14:55:57.486001" elapsed="2.106815"/>
</kw>
<kw name="Navigate To Page" owner="demoqa">
<msg time="2025-10-06T14:55:59.593119" level="INFO">Opening url 'https://demoqa.com/'</msg>
<msg time="2025-10-06T14:56:02.645856" level="INFO">Clicking element '//p[contains(text(), 'Consent')]'.</msg>
<status status="PASS" start="2025-10-06T14:55:59.593014" elapsed="3.187455"/>
</kw>
<doc>Opens a browser and navigates to DemoQA website</doc>
<status status="PASS" start="2025-10-06T14:55:57.485847" elapsed="5.294737"/>
</kw>
<kw name="Elements: Navigate To Page" owner="DemoQALib">
<kw name="Navigate To Page" owner="elements">
<msg time="2025-10-06T14:56:03.379310" level="INFO">Clicking element '//h5[contains(text(), 'Elements')]'.</msg>
<msg time="2025-10-06T14:56:04.586476" level="FAIL">ElementClickInterceptedException: Message: element click intercepted: Element &lt;h5&gt;...&lt;/h5&gt; is not clickable at point (154, 671). Other element would receive the click: &lt;div id="fixedban" style="width:100%;margin:auto;text-align:center;float:none;overflow:hidden;display:scroll;position:fixed;bottom:0;z-index:9999999"&gt;...&lt;/div&gt;
  (Session info: chrome=138.0.7204.100); For documentation on this error, please visit: https://www.selenium.dev/documentation/webdriver/troubleshooting/errors#elementclickinterceptedexception
Stacktrace:
	GetHandleVerifier [0x0x7ff770b7e415+77285]
	GetHandleVerifier [0x0x7ff770b7e470+77376]
	(No symbol) [0x0x7ff770949a6a]
	(No symbol) [0x0x7ff7709a83e9]
	(No symbol) [0x0x7ff7709a5d8b]
	(No symbol) [0x0x7ff7709a2dd1]
	(No symbol) [0x0x7ff7709a1ce1]
	(No symbol) [0x0x7ff770993458]
	(No symbol) [0x0x7ff7709c860a]
	(No symbol) [0x0x7ff770992d06]
	(No symbol) [0x0x7ff7709c8820]
	(No symbol) [0x0x7ff7709f087f]
	(No symbol) [0x0x7ff7709c83e3]
	(No symbol) [0x0x7ff770991521]
	(No symbol) [0x0x7ff7709922b3]
	GetHandleVerifier [0x0x7ff770e61efd+3107021]
	GetHandleVerifier [0x0x7ff770e5c29d+3083373]
	GetHandleVerifier [0x0x7ff770e7bedd+3213485]
	GetHandleVerifier [0x0x7ff770b9884e+184862]
	GetHandleVerifier [0x0x7ff770ba055f+216879]
	GetHandleVerifier [0x0x7ff770b87084+113236]
	GetHandleVerifier [0x0x7ff770b87239+113673]
	GetHandleVerifier [0x0x7ff770b6e298+11368]
	(No symbol) [0x0x7ff88ed4e8d7]
	RtlUserThreadStart [0x0x7ff88f6fc34c+44]
</msg>
<status status="FAIL" start="2025-10-06T14:56:02.781793" elapsed="1.815993">ElementClickInterceptedException: Message: element click intercepted: Element &lt;h5&gt;...&lt;/h5&gt; is not clickable at point (154, 671). Other element would receive the click: &lt;div id="fixedban" style="width:100%;margin:auto;text-align:center;float:none;overflow:hidden;display:scroll;position:fixed;bottom:0;z-index:9999999"&gt;...&lt;/div&gt;
  (Session info: chrome=138.0.7204.100); For documentation on this error, please visit: https://www.selenium.dev/documentation/webdriver/troubleshooting/errors#elementclickinterceptedexception
Stacktrace:
	GetHandleVerifier [0x0x7ff770b7e415+77285]
	GetHandleVerifier [0x0x7ff770b7e470+77376]
	(No symbol) [0x0x7ff770949a6a]
	(No symbol) [0x0x7ff7709a83e9]
	(No symbol) [0x0x7ff7709a5d8b]
	(No symbol) [0x0x7ff7709a2dd1]
	(No symbol) [0x0x7ff7709a1ce1]
	(No symbol) [0x0x7ff770993458]
	(No symbol) [0x0x7ff7709c860a]
	(No symbol) [0x0x7ff770992d06]
	(No symbol) [0x0x7ff7709c8820]
	(No symbol) [0x0x7ff7709f087f]
	(No symbol) [0x0x7ff7709c83e3]
	(No symbol) [0x0x7ff770991521]
	(No symbol) [0x0x7ff7709922b3]
	GetHandleVerifier [0x0x7ff770e61efd+3107021]
	GetHandleVerifier [0x0x7ff770e5c29d+3083373]
	GetHandleVerifier [0x0x7ff770e7bedd+3213485]
	GetHandleVerifier [0x0x7ff770b9884e+184862]
	GetHandleVerifier [0x0x7ff770ba055f+216879]
	GetHandleVerifier [0x0x7ff770b87084+113236]
	GetHandleVerifier [0x0x7ff770b87239+113673]
	GetHandleVerifier [0x0x7ff770b6e298+11368]
	(No symbol) [0x0x7ff88ed4e8d7]
	RtlUserThreadStart [0x0x7ff88f6fc34c+44]
</status>
</kw>
<doc>Navigates to the Elements section on DemoQA</doc>
<status status="FAIL" start="2025-10-06T14:56:02.781413" elapsed="1.816664">ElementClickInterceptedException: Message: element click intercepted: Element &lt;h5&gt;...&lt;/h5&gt; is not clickable at point (154, 671). Other element would receive the click: &lt;div id="fixedban" style="width:100%;margin:auto;text-align:center;float:none;overflow:hidden;display:scroll;position:fixed;bottom:0;z-index:9999999"&gt;...&lt;/div&gt;
  (Session info: chrome=138.0.7204.100); For documentation on this error, please visit: https://www.selenium.dev/documentation/webdriver/troubleshooting/errors#elementclickinterceptedexception
Stacktrace:
	GetHandleVerifier [0x0x7ff770b7e415+77285]
	GetHandleVerifier [0x0x7ff770b7e470+77376]
	(No symbol) [0x0x7ff770949a6a]
	(No symbol) [0x0x7ff7709a83e9]
	(No symbol) [0x0x7ff7709a5d8b]
	(No symbol) [0x0x7ff7709a2dd1]
	(No symbol) [0x0x7ff7709a1ce1]
	(No symbol) [0x0x7ff770993458]
	(No symbol) [0x0x7ff7709c860a]
	(No symbol) [0x0x7ff770992d06]
	(No symbol) [0x0x7ff7709c8820]
	(No symbol) [0x0x7ff7709f087f]
	(No symbol) [0x0x7ff7709c83e3]
	(No symbol) [0x0x7ff770991521]
	(No symbol) [0x0x7ff7709922b3]
	GetHandleVerifier [0x0x7ff770e61efd+3107021]
	GetHandleVerifier [0x0x7ff770e5c29d+3083373]
	GetHandleVerifier [0x0x7ff770e7bedd+3213485]
	GetHandleVerifier [0x0x7ff770b9884e+184862]
	GetHandleVerifier [0x0x7ff770ba055f+216879]
	GetHandleVerifier [0x0x7ff770b87084+113236]
	GetHandleVerifier [0x0x7ff770b87239+113673]
	GetHandleVerifier [0x0x7ff770b6e298+11368]
	(No symbol) [0x0x7ff88ed4e8d7]
	RtlUserThreadStart [0x0x7ff88f6fc34c+44]
</status>
</kw>
<kw name="TextBox: Navigate To Page" owner="DemoQALib">
<doc>Navigates to the Text Box page under Elements</doc>
<status status="NOT RUN" start="2025-10-06T14:56:04.599350" elapsed="0.000077"/>
</kw>
<kw name="TextBox: Choose Parameters" owner="DemoQALib">
<arg>@{flat_list}</arg>
<doc>Chooses parameters and fills values in the Text Box form</doc>
<status status="NOT RUN" start="2025-10-06T14:56:04.599883" elapsed="0.000027"/>
</kw>
<kw name="Sleep" owner="BuiltIn">
<arg>2s</arg>
<doc>Pauses the test executed for the given time.</doc>
<status status="NOT RUN" start="2025-10-06T14:56:04.600229" elapsed="0.000033"/>
</kw>
<kw name="Close Browser" owner="DemoQALib" type="TEARDOWN">
<kw name="Close Browser" owner="demoqa">
<status status="PASS" start="2025-10-06T14:56:04.601048" elapsed="2.393118"/>
</kw>
<doc>Closes all open browser instances</doc>
<status status="PASS" start="2025-10-06T14:56:04.600693" elapsed="2.393747"/>
</kw>
<tag>demo</tag>
<tag>navigate_to_text_box_and_fill_form_via_resource</tag>
<status status="FAIL" start="2025-10-06T14:55:57.482204" elapsed="9.512798">ElementClickInterceptedException: Message: element click intercepted: Element &lt;h5&gt;...&lt;/h5&gt; is not clickable at point (154, 671). Other element would receive the click: &lt;div id="fixedban" style="width:100%;margin:auto;text-align:center;float:none;overflow:hidden;display:scroll;position:fixed;bottom:0;z-index:9999999"&gt;...&lt;/div&gt;
  (Session info: chrome=138.0.7204.100); For documentation on this error, please visit: https://www.selenium.dev/documentation/webdriver/troubleshooting/errors#elementclickinterceptedexception
Stacktrace:
	GetHandleVerifier [0x0x7ff770b7e415+77285]
	GetHandleVerifier [0x0x7ff770b7e470+77376]
	(No symbol) [0x0x7ff770949a6a]
	(No symbol) [0x0x7ff7709a83e9]
	(No symbol) [0x0x7ff7709a5d8b]
	(No symbol) [0x0x7ff7709a2dd1]
	(No symbol) [0x0x7ff7709a1ce1]
	(No symbol) [0x0x7ff770993458]
	(No symbol) [0x0x7ff7709c860a]
	(No symbol) [0x0x7ff770992d06]
	(No symbol) [0x0x7ff7709c8820]
	(No symbol) [0x0x7ff7709f087f]
	(No symbol) [0x0x7ff7709c83e3]
	(No symbol) [0x0x7ff770991521]
	(No symbol) [0x0x7ff7709922b3]
	GetHandleVerifier [0x0x7ff770e61efd+3107021]
	GetHandleVerifier [0x0x7ff770e5c29d+3083373]
	GetHandleVerifier [0x0x7ff770e7bedd+3213485]
	GetHandleVerifier [0x0x7ff770b9884e+184862]
	GetHandleVerifier [0x0x7ff770ba055f+216879]
	GetHandleVerifier [0x0x7ff770b87084+113236]
	GetHandleVerifier [0x0x7ff770b87239+113673]
	GetHandleVerifier [0x0x7ff770b6e298+11368]
	(No symbol) [0x0x7ff88ed4e8d7]
	RtlUserThreadStart [0x0x7ff88f6fc34c+44]
</status>
</test>
<doc>Simple Robot Framework test setup</doc>
<status status="FAIL" start="2025-10-06T14:55:57.290406" elapsed="9.713056"/>
</suite>
<statistics>
<total>
<stat pass="0" fail="1" skip="0">All Tests</stat>
</total>
<tag>
<stat pass="0" fail="1" skip="0">demo</stat>
<stat pass="0" fail="1" skip="0">navigate_to_text_box_and_fill_form_via_resource</stat>
</tag>
<suite>
<stat name="07 Test Selenium Lib" id="s1" pass="0" fail="1" skip="0">07 Test Selenium Lib</stat>
</suite>
</statistics>
<errors>
</errors>
</robot>
